<?xml version="1.0" encoding="UTF-8"?>
<!-- Generated by org.testng.reporters.JUnitXMLReporter -->
<testsuite ignored="0" hostname="DESKTOP-3G5IUHG" failures="0" tests="12" name="Test" time="122.438" errors="0" timestamp="2024-04-08T07:20:44 CDT">
  <testcase classname="com.FWTestCases.SearchTest" name="searchValidProduct" time="2.293"/>
  <testcase classname="com.FWTestCases.SearchTest" name="searchInValidProduct" time="1.12"/>
  <testcase classname="com.FWTestCases.SearchTest" name="searchwithoutPrividinganyName" time="0.781"/>
  <testcase classname="com.FWTestCases.RegisterTest" name="registerWithPersonalDetails" time="4.364"/>
  <testcase classname="com.FWTestCases.RegisterTest" name="registerFillingAllDetails" time="4.453"/>
  <testcase classname="com.FWTestCases.RegisterTest" name="registerWithExistingCredentials" time="3.386"/>
  <testcase classname="com.FWTestCases.RegisterTest" name="registerWithoutProvidingCredentials" time="2.694"/>
  <testcase classname="com.FWTestCases.LoginTest" name="verifyLoginwithValidCredentials" time="2.641"/>
  <testcase classname="com.FWTestCases.LoginTest" name="verifyLoginwithInValidEmailAndValidPassword" time="3.401"/>
  <testcase classname="com.FWTestCases.LoginTest" name="verifyLoginwithInValidCredentials" time="2.937"/>
  <testcase classname="com.FWTestCases.LoginTest" name="verifyLoginwithValidEmailAndInValidPassword" time="2.86"/>
  <testcase classname="com.FWTestCases.LoginTest" name="verifyLoginwithoutProvidingCredentials" time="1.561"/>
</testsuite> <!-- Test -->
