<?xml version="1.0" encoding="UTF-8"?>
<!-- Generated by org.testng.reporters.JUnitXMLReporter -->
<testsuite ignored="0" hostname="DESKTOP-3G5IUHG" failures="0" tests="12" name="Test" time="125.552" errors="0" timestamp="2024-04-10T07:07:44 CDT">
  <testcase classname="com.FWTestCases.SearchTest" name="searchValidProduct" time="1.328"/>
  <testcase classname="com.FWTestCases.SearchTest" name="searchInValidProduct" time="0.986"/>
  <testcase classname="com.FWTestCases.SearchTest" name="searchwithoutPrividinganyName" time="0.696"/>
  <testcase classname="com.FWTestCases.RegisterTest" name="registerWithPersonalDetails" time="3.314"/>
  <testcase classname="com.FWTestCases.RegisterTest" name="registerFillingAllDetails" time="3.336"/>
  <testcase classname="com.FWTestCases.RegisterTest" name="registerWithExistingCredentials" time="5.075"/>
  <testcase classname="com.FWTestCases.RegisterTest" name="registerWithoutProvidingCredentials" time="3.535"/>
  <testcase classname="com.FWTestCases.LoginTest" name="verifyLoginwithValidCredentials" time="2.087"/>
  <testcase classname="com.FWTestCases.LoginTest" name="verifyLoginwithInValidEmailAndValidPassword" time="2.014"/>
  <testcase classname="com.FWTestCases.LoginTest" name="verifyLoginwithInValidCredentials" time="1.917"/>
  <testcase classname="com.FWTestCases.LoginTest" name="verifyLoginwithValidEmailAndInValidPassword" time="2.047"/>
  <testcase classname="com.FWTestCases.LoginTest" name="verifyLoginwithoutProvidingCredentials" time="2.913"/>
</testsuite> <!-- Test -->
