<?xml version="1.0" encoding="UTF-8"?>
<testsuite xmlns:xsi="http://www.w3.org/2001/XMLSchema-instance" xsi:noNamespaceSchemaLocation="https://maven.apache.org/surefire/maven-surefire-plugin/xsd/surefire-test-report-3.0.xsd" version="3.0" name="TestSuite" time="130.165" tests="12" errors="0" skipped="0" failures="0">
  <properties>
[...]
</properties>
  <testcase name="searchValidProduct" classname="com.FWTestCases.SearchTest" time="1.348">
    <system-err><![CDATA[SLF4J: Failed to load class "org.slf4j.impl.StaticLoggerBinder".
SLF4J: Defaulting to no-operation (NOP) logger implementation
SLF4J: See http://www.slf4j.org/codes.html#StaticLoggerBinder for further details.
]]></system-err>
  </testcase>
  <testcase name="searchInValidProduct" classname="com.FWTestCases.SearchTest" time="0.992"/>
  <testcase name="searchwithoutPrividinganyName" classname="com.FWTestCases.SearchTest" time="0.697"/>
  <testcase name="registerWithPersonalDetails" classname="com.FWTestCases.RegisterTest" time="3.311"/>
  <testcase name="registerFillingAllDetails" classname="com.FWTestCases.RegisterTest" time="3.345"/>
  <testcase name="registerWithExistingCredentials" classname="com.FWTestCases.RegisterTest" time="5.065"/>
  <testcase name="registerWithoutProvidingCredentials" classname="com.FWTestCases.RegisterTest" time="3.52"/>
  <testcase name="verifyLoginwithValidCredentials" classname="com.FWTestCases.LoginTest" time="2.09"/>
  <testcase name="verifyLoginwithInValidEmailAndValidPassword" classname="com.FWTestCases.LoginTest" time="2.011"/>
  <testcase name="verifyLoginwithInValidCredentials" classname="com.FWTestCases.LoginTest" time="1.917"/>
  <testcase name="verifyLoginwithValidEmailAndInValidPassword" classname="com.FWTestCases.LoginTest" time="2.037"/>
  <testcase name="verifyLoginwithoutProvidingCredentials" classname="com.FWTestCases.LoginTest" time="2.906"/>
</testsuite>